<?xml version="1.0" encoding="UTF-8"?>
<!-- Generated by org.testng.reporters.JUnitXMLReporter -->
<testsuite ignored="0" hostname="LAPTOP-9RRJK8AB" failures="0" tests="18" name="Default test" time="2.278" errors="0" timestamp="2020-08-31T19:28:24 CEST">
  <testcase classname="Test.SeleniumTestWithExtentReportsAndTestNG" name="Test1" time="0.33"/>
  <testcase classname="Test.SeleniumTestWithExtentReportsAndTestNG" name="Test2_01" time="0.173"/>
  <testcase classname="Test.SeleniumTestWithExtentReportsAndTestNG" name="Test2_02" time="0.108"/>
  <testcase classname="Test.SeleniumTestWithExtentReportsAndTestNG" name="Test2_03" time="0.062"/>
  <testcase classname="Test.SeleniumTestWithExtentReportsAndTestNG" name="Test2_04" time="0.077"/>
  <testcase classname="Test.SeleniumTestWithExtentReportsAndTestNG" name="Test2_05" time="0.109"/>
  <testcase classname="Test.SeleniumTestWithExtentReportsAndTestNG" name="Test2_06" time="0.08"/>
  <testcase classname="Test.SeleniumTestWithExtentReportsAndTestNG" name="Test2_07" time="0.08"/>
  <testcase classname="Test.SeleniumTestWithExtentReportsAndTestNG" name="Test2_08" time="0.304"/>
  <testcase classname="Test.SeleniumTestWithExtentReportsAndTestNG" name="Test2_09" time="0.02"/>
  <testcase classname="Test.SeleniumTestWithExtentReportsAndTestNG" name="Test2_10" time="0.252"/>
  <testcase classname="Test.SeleniumTestWithExtentReportsAndTestNG" name="Test2_11" time="0.023"/>
  <testcase classname="Test.SeleniumTestWithExtentReportsAndTestNG" name="Test3_01" time="0.102"/>
  <testcase classname="Test.SeleniumTestWithExtentReportsAndTestNG" name="Test3_02" time="0.086"/>
  <testcase classname="Test.SeleniumTestWithExtentReportsAndTestNG" name="Test3_03" time="0.193"/>
  <testcase classname="Test.SeleniumTestWithExtentReportsAndTestNG" name="Test3_04" time="0.014"/>
  <testcase classname="Test.SeleniumTestWithExtentReportsAndTestNG" name="Test3_05" time="0.148"/>
  <testcase classname="Test.SeleniumTestWithExtentReportsAndTestNG" name="Test3_06" time="0.012"/>
</testsuite> <!-- Default test -->
